delete
delete
delete
setting
setting
login
login
setting
login
session
setting
admin
admin
login
admin
admin
admin
admin
admin
admin
admin
admin
admin
admin
admin
admin
admin
admin
login
login
login
login
login
login
setting
login
login
login
setting
login
login
admin
login
admin
admin
login
controller
controller
controller
controller
controller
controller
user/edit/100
user/edit/100
admin/user/delete/100
admin/user/delete/100
admin/user/delete/100
udelete
udelete
udelete
admin/user/delete/100
admin/user/delete/100
user/shengji
login
user/jinyong
login
goods/add
goods/add
goods/show
goods/show
goods/show
goods/add
goods/insert
article
article
user/qingqiu
request
request
request
request
file
upload
upload
upload
upload
cookie
cookie
cookie
cookie
flash
flash
flash
flash
flash
flash
flash
flash
flash
flash
flash
flash
flash
flash
flash
flash
flash
flash
flash
flash
flash
flash
flash
flash
flash
flash
flash
flash
flash
flash
flash
/
/
delete
delete
/
reponse
/
response
response
response
response
response
response
response
response
form
form
form
/
response
www.baidu.com
resopnse
response
response
response
response
response
response
response
response
response
response
response
response
response
view
view
view
view
view
view
view
blade
blade
blade
blade
blade
blade
blade
1.html
/
page
page
page
page
page
page
page
layout
layout
extend
extend
extend
extend
extend
extend
extend
liucheng
liucheng
liucheng
liucheng
liucheng
liucheng
liucheng
liucheng
xunhuan
xunhuan
xunhuan
xunhuan
xunhuan
xunhuan
xunhuan
db
db
db
db
db
db
db
db
db
db
db
db
db
db
db
db
db
db
db
builder
builder
builder
builder
builder
builder
builder
builder
builder
builder
builder
builder
builder
builder
builder
builder
builder
builder
builder
builder
builder
builder
builder
builder
builder
builder
session
session
session
session
/
/
test
test
test
test
test
test
session
session
session
session
session2
session2
session
session2
session2
session
session
session
session
session
session
session
session
session2
session
valida
valida
valida
valida
valida
valida
valida
valida
hash
hash
hash
hash
testImg
imgTest
imgTest
imgTest
imgTest
imgTest
imgTest
imgTest
imgTest
imgTest
imgTest
imgTest
imgTest
imgTest
imgTest
imgTest
imgTest
imgTest
imgTest
imgTest
